<?xml version="1.0" encoding="UTF-8"?>
<!-- Generated by org.testng.reporters.JUnitXMLReporter -->
<testsuite ignored="0" hostname="NB-LT-LO-217" failures="2" tests="4" name="Default test" time="38.791" errors="0" timestamp="2022-01-15T16:55:59 PKT">
  <testcase classname="io.cucumber.testng.AbstractTestNGCucumberTests" name="runScenario" time="16.095">
    <failure type="java.lang.Error" message="Unresolved compilation problem: 
	defaulItem cannot be resolved to a variable
">
      <![CDATA[java.lang.Error: Unresolved compilation problem: 
defaulItem cannot be resolved to a variable

at stepDefinations.stepDefination.user_enters_something_and_something_and_logs_in(stepDefination.java:39)
at ✽.User enters "JOHN" and "12345678" and logs in(file:///C:/Users/qa.nitb/eclipse-workspace/endToEndAutomation/src/test/java/features/login.feature:5)
]]>
    </failure>
  </testcase> <!-- runScenario -->
  <testcase classname="io.cucumber.testng.AbstractTestNGCucumberTests" name="runScenario" time="0.008"/>
  <testcase classname="io.cucumber.testng.AbstractTestNGCucumberTests" name="runScenario" time="12.039"/>
  <testcase classname="io.cucumber.testng.AbstractTestNGCucumberTests" name="runScenario" time="10.437">
    <failure type="org.openqa.selenium.NoSuchElementException" message="Unable to find element with locator By.xpath: //span[text()=&amp;apos;Login&amp;apos;]
For documentation on this error, please visit: https://selenium.dev/exceptions/#no_such_element
Build info: version: &amp;apos;4.0.0&amp;apos;, revision: &amp;apos;3a21814679&amp;apos;
System info: host: &amp;apos;NB-LT-LO-217&amp;apos;, ip: &amp;apos;192.168.10.3&amp;apos;, os.name: &amp;apos;Windows 10&amp;apos;, os.arch: &amp;apos;amd64&amp;apos;, os.version: &amp;apos;10.0&amp;apos;, java.version: &amp;apos;17.0.1&amp;apos;
Driver info: driver.version: RemoteWebDriver">
      <![CDATA[org.openqa.selenium.NoSuchElementException: Unable to find element with locator By.xpath: //span[text()='Login']
For documentation on this error, please visit: https://selenium.dev/exceptions/#no_such_element
Build info: version: '4.0.0', revision: '3a21814679'
System info: host: 'NB-LT-LO-217', ip: '192.168.10.3', os.name: 'Windows 10', os.arch: 'amd64', os.version: '10.0', java.version: '17.0.1'
Driver info: driver.version: RemoteWebDriver
at org.openqa.selenium.remote.ElementLocation$ElementFinder$2.findElement(ElementLocation.java:165)
at org.openqa.selenium.remote.ElementLocation.findElement(ElementLocation.java:60)
at org.openqa.selenium.remote.RemoteWebDriver.findElement(RemoteWebDriver.java:383)
at org.openqa.selenium.remote.RemoteWebDriver.findElement(RemoteWebDriver.java:375)
at pageObject.LandingPage.getLogin(LandingPage.java:31)
at stepDefinations.loginQAclick.click_on_login_link_in_home_page_to_land_on_secure_sign_in_page(loginQAclick.java:28)
at ✽.Click on login link in home page to land on secure sign in Page(file:///C:/Users/qa.nitb/eclipse-workspace/endToEndAutomation/src/test/java/features/loginQaClick.feature:7)
]]>
    </failure>
  </testcase> <!-- runScenario -->
</testsuite> <!-- Default test -->
