<html>
<head>
<title>TestNG:  Default test</title>
<link href="../testng.css" rel="stylesheet" type="text/css" />
<link href="../my-testng.css" rel="stylesheet" type="text/css" />

<style type="text/css">
.log { display: none;} 
.stack-trace { display: none;} 
</style>
<script type="text/javascript">
<!--
function flip(e) {
  current = e.style.display;
  if (current == 'block') {
    e.style.display = 'none';
    return 0;
  }
  else {
    e.style.display = 'block';
    return 1;
  }
}

function toggleBox(szDivId, elem, msg1, msg2)
{
  var res = -1;  if (document.getElementById) {
    res = flip(document.getElementById(szDivId));
  }
  else if (document.all) {
    // this is the way old msie versions work
    res = flip(document.all[szDivId]);
  }
  if(elem) {
    if(res == 0) elem.innerHTML = msg1; else elem.innerHTML = msg2;
  }

}

function toggleAllBoxes() {
  if (document.getElementsByTagName) {
    d = document.getElementsByTagName('div');
    for (i = 0; i < d.length; i++) {
      if (d[i].className == 'log') {
        flip(d[i]);
      }
    }
  }
}

// -->
</script>

</head>
<body>
<h2 align='center'>Default test</h2><table border='1' align="center">
<tr>
<td>Tests passed/Failed/Skipped:</td><td>2/2/0</td>
</tr><tr>
<td>Started on:</td><td>Sat Jan 15 16:55:20 PKT 2022</td>
</tr>
<tr><td>Total time:</td><td>38 seconds (38791 ms)</td>
</tr><tr>
<td>Included groups:</td><td></td>
</tr><tr>
<td>Excluded groups:</td><td></td>
</tr>
</table><p/>
<small><i>(Hover the method name to see the test class name)</i></small><p/>
<table width='100%' border='1' class='invocation-failed'>
<tr><td colspan='4' align='center'><b>FAILED TESTS</b></td></tr>
<tr><td><b>Test method</b></td>
<td width="30%"><b>Exception</b></td>
<td width="10%"><b>Time (seconds)</b></td>
<td><b>Instance</b></td>
</tr>
<tr>
<td title='cucumberOptions.TestRunner.runScenario()'><b>runScenario</b><br>Test class: cucumberOptions.TestRunner<br>Test method: Runs Cucumber Scenarios<br>Parameters: "Positive test validating login", "Optional[Login into application]"</td>
<td><div><pre>org.openqa.selenium.NoSuchElementException: Unable to find element with locator By.xpath: //span[text()=&apos;Login&apos;]
For documentation on this error, please visit: https://selenium.dev/exceptions/#no_such_element
Build info: version: &apos;4.0.0&apos;, revision: &apos;3a21814679&apos;
System info: host: &apos;NB-LT-LO-217&apos;, ip: &apos;192.168.10.3&apos;, os.name: &apos;Windows 10&apos;, os.arch: &apos;amd64&apos;, os.version: &apos;10.0&apos;, java.version: &apos;17.0.1&apos;
Driver info: driver.version: RemoteWebDriver
	at org.openqa.selenium.remote.ElementLocation$ElementFinder$2.findElement(ElementLocation.java:165)
	at org.openqa.selenium.remote.ElementLocation.findElement(ElementLocation.java:60)
	at org.openqa.selenium.remote.RemoteWebDriver.findElement(RemoteWebDriver.java:383)
	at org.openqa.selenium.remote.RemoteWebDriver.findElement(RemoteWebDriver.java:375)
	at pageObject.LandingPage.getLogin(LandingPage.java:31)
	at stepDefinations.loginQAclick.click_on_login_link_in_home_page_to_land_on_secure_sign_in_page(loginQAclick.java:28)
	at ?.Click on login link in home page to land on secure sign in Page(file:///C:/Users/qa.nitb/eclipse-workspace/endToEndAutomation/src/test/java/features/loginQaClick.feature:7)
</pre></div><a href='#' onClick='toggleBox("stack-trace1193749715", this, "Click to show all stack frames", "Click to hide stack frames")'>Click to show all stack frames</a>
<div class='stack-trace' id='stack-trace1193749715'><pre>org.openqa.selenium.NoSuchElementException: Unable to find element with locator By.xpath: //span[text()=&apos;Login&apos;]
For documentation on this error, please visit: https://selenium.dev/exceptions/#no_such_element
Build info: version: &apos;4.0.0&apos;, revision: &apos;3a21814679&apos;
System info: host: &apos;NB-LT-LO-217&apos;, ip: &apos;192.168.10.3&apos;, os.name: &apos;Windows 10&apos;, os.arch: &apos;amd64&apos;, os.version: &apos;10.0&apos;, java.version: &apos;17.0.1&apos;
Driver info: driver.version: RemoteWebDriver
	at org.openqa.selenium.remote.ElementLocation$ElementFinder$2.findElement(ElementLocation.java:165)
	at org.openqa.selenium.remote.ElementLocation.findElement(ElementLocation.java:60)
	at org.openqa.selenium.remote.RemoteWebDriver.findElement(RemoteWebDriver.java:383)
	at org.openqa.selenium.remote.RemoteWebDriver.findElement(RemoteWebDriver.java:375)
	at pageObject.LandingPage.getLogin(LandingPage.java:31)
	at stepDefinations.loginQAclick.click_on_login_link_in_home_page_to_land_on_secure_sign_in_page(loginQAclick.java:28)
	at ?.Click on login link in home page to land on secure sign in Page(file:///C:/Users/qa.nitb/eclipse-workspace/endToEndAutomation/src/test/java/features/loginQaClick.feature:7)
</pre></div></td>
<td>10</td>
<td>cucumberOptions.TestRunner@1b11171f</td></tr>
<tr>
<td title='cucumberOptions.TestRunner.runScenario()'><b>runScenario</b><br>Test class: cucumberOptions.TestRunner<br>Test method: Runs Cucumber Scenarios<br>Parameters: "Positive test validating login", "Optional[Login into Application]"</td>
<td><div><pre>java.lang.Error: Unresolved compilation problem: 
	defaulItem cannot be resolved to a variable

	at stepDefinations.stepDefination.user_enters_something_and_something_and_logs_in(stepDefination.java:39)
	at ?.User enters &quot;JOHN&quot; and &quot;12345678&quot; and logs in(file:///C:/Users/qa.nitb/eclipse-workspace/endToEndAutomation/src/test/java/features/login.feature:5)
</pre></div><a href='#' onClick='toggleBox("stack-trace744715819", this, "Click to show all stack frames", "Click to hide stack frames")'>Click to show all stack frames</a>
<div class='stack-trace' id='stack-trace744715819'><pre>java.lang.Error: Unresolved compilation problem: 
	defaulItem cannot be resolved to a variable

	at stepDefinations.stepDefination.user_enters_something_and_something_and_logs_in(stepDefination.java:39)
	at ?.User enters &quot;JOHN&quot; and &quot;12345678&quot; and logs in(file:///C:/Users/qa.nitb/eclipse-workspace/endToEndAutomation/src/test/java/features/login.feature:5)
</pre></div></td>
<td>16</td>
<td>cucumberOptions.TestRunner@1b11171f</td></tr>
</table><p>
<table width='100%' border='1' class='invocation-passed'>
<tr><td colspan='4' align='center'><b>PASSED TESTS</b></td></tr>
<tr><td><b>Test method</b></td>
<td width="30%"><b>Exception</b></td>
<td width="10%"><b>Time (seconds)</b></td>
<td><b>Instance</b></td>
</tr>
<tr>
<td title='cucumberOptions.TestRunner.runScenario()'><b>runScenario</b><br>Test class: cucumberOptions.TestRunner<br>Test method: Runs Cucumber Scenarios<br>Parameters: "Nagative test validating login", "Optional[Login into Application]"</td>
<td></td>
<td>0</td>
<td>cucumberOptions.TestRunner@1b11171f</td></tr>
<tr>
<td title='cucumberOptions.TestRunner.runScenario()'><b>runScenario</b><br>Test class: cucumberOptions.TestRunner<br>Test method: Runs Cucumber Scenarios<br>Parameters: "Positive test validating login", "Optional[Login into application]"</td>
<td></td>
<td>12</td>
<td>cucumberOptions.TestRunner@1b11171f</td></tr>
</table><p>
</body>
</html>