<?xml version="1.0" encoding="UTF-8"?>
<!-- Generated by org.testng.reporters.JUnitReportReporter -->
<testsuite hostname="NB-LT-LO-217" failures="0" tests="4" name="cucumberOptions.TestRunner" time="38.579" errors="2" timestamp="2022-01-15T16:55:59 PKT" skipped="0">
  <testcase classname="cucumberOptions.TestRunner" name="runScenario" time="10.437">
    <error message="Unable to find element with locator By.xpath: //span[text()=&#039;Login&#039;]
For documentation on this error, please visit: https://selenium.dev/exceptions/#no_such_element
Build info: version: &#039;4.0.0&#039;, revision: &#039;3a21814679&#039;
System info: host: &#039;NB-LT-LO-217&#039;, ip: &#039;192.168.10.3&#039;, os.name: &#039;Windows 10&#039;, os.arch: &#039;amd64&#039;, os.version: &#039;10.0&#039;, java.version: &#039;17.0.1&#039;
Driver info: driver.version: RemoteWebDriver" type="org.openqa.selenium.NoSuchElementException">
      <![CDATA[org.openqa.selenium.NoSuchElementException: Unable to find element with locator By.xpath: //span[text()='Login']
For documentation on this error, please visit: https://selenium.dev/exceptions/#no_such_element
Build info: version: '4.0.0', revision: '3a21814679'
System info: host: 'NB-LT-LO-217', ip: '192.168.10.3', os.name: 'Windows 10', os.arch: 'amd64', os.version: '10.0', java.version: '17.0.1'
Driver info: driver.version: RemoteWebDriver
at org.openqa.selenium.remote.ElementLocation$ElementFinder$2.findElement(ElementLocation.java:165)
at org.openqa.selenium.remote.ElementLocation.findElement(ElementLocation.java:60)
at org.openqa.selenium.remote.RemoteWebDriver.findElement(RemoteWebDriver.java:383)
at org.openqa.selenium.remote.RemoteWebDriver.findElement(RemoteWebDriver.java:375)
at pageObject.LandingPage.getLogin(LandingPage.java:31)
at stepDefinations.loginQAclick.click_on_login_link_in_home_page_to_land_on_secure_sign_in_page(loginQAclick.java:28)
at ✽.Click on login link in home page to land on secure sign in Page(file:///C:/Users/qa.nitb/eclipse-workspace/endToEndAutomation/src/test/java/features/loginQaClick.feature:7)
]]>
    </error>
  </testcase> <!-- runScenario -->
  <system-out/>
  <testcase classname="cucumberOptions.TestRunner" name="runScenario" time="16.095">
    <error message="Unresolved compilation problem: 
	defaulItem cannot be resolved to a variable
" type="java.lang.Error">
      <![CDATA[java.lang.Error: Unresolved compilation problem: 
defaulItem cannot be resolved to a variable

at stepDefinations.stepDefination.user_enters_something_and_something_and_logs_in(stepDefination.java:39)
at ✽.User enters "JOHN" and "12345678" and logs in(file:///C:/Users/qa.nitb/eclipse-workspace/endToEndAutomation/src/test/java/features/login.feature:5)
]]>
    </error>
  </testcase> <!-- runScenario -->
  <system-out/>
  <testcase classname="cucumberOptions.TestRunner" name="runScenario" time="0.008"/>
  <system-out/>
  <testcase classname="cucumberOptions.TestRunner" name="runScenario" time="12.039"/>
  <system-out/>
</testsuite> <!-- cucumberOptions.TestRunner -->
